\BOOKMARK [0][-]{section*.1}{\376\377\116\055\145\207\144\130\211\201}{}% 1
\BOOKMARK [0][-]{section*.2}{\376\377\202\361\145\207\144\130\211\201}{}% 2
\BOOKMARK [0][-]{chapter.1}{\376\377\176\352\213\272}{}% 3
\BOOKMARK [1][-]{section.1.1}{\376\377\225\356\230\230\116\313\176\315}{chapter.1}% 4
\BOOKMARK [2][-]{subsection.1.1.1}{\376\377\123\213\177\051\141\037\167\345\225\356\230\230}{section.1.1}% 5
\BOOKMARK [2][-]{subsection.1.1.2}{\376\377\153\041\176\277\140\047\145\366\225\364\166\204\145\057\144\221\226\306\140\142\131\015\173\227\154\325}{section.1.1}% 6
\BOOKMARK [2][-]{subsection.1.1.3}{\376\377\127\372\116\216\172\000\165\217\126\376\170\001\166\204\122\006\154\273\154\325}{section.1.1}% 7
\BOOKMARK [1][-]{section.1.2}{\376\377\170\024\172\166\166\356\166\204\116\016\116\073\211\201\215\041\163\056}{chapter.1}% 8
\BOOKMARK [1][-]{section.1.3}{\376\377\213\272\145\207\176\323\147\204\116\016\213\260\123\367}{chapter.1}% 9
\BOOKMARK [2][-]{subsection.1.3.1}{\376\377\147\054\145\207\176\323\147\204}{section.1.3}% 10
\BOOKMARK [2][-]{subsection.1.3.2}{\376\377\166\370\121\163\213\260\123\367}{section.1.3}% 11
\BOOKMARK [0][-]{chapter.2}{\376\377\172\000\165\217\126\376\177\026\170\001}{}% 12
\BOOKMARK [0][-]{chapter.3}{\376\377\127\372\116\216\136\046\171\273\177\244\120\074\211\302\155\113\166\204\172\000\165\217\126\376\211\343\170\001}{}% 13
\BOOKMARK [1][-]{section.3.1}{\376\377\202\202\160\271\174\173\127\213\150\300\155\113}{chapter.3}% 14
\BOOKMARK [1][-]{section.3.2}{\376\377\171\273\177\244\120\074\123\273\226\144}{chapter.3}% 15
\BOOKMARK [1][-]{section.3.3}{\376\377\117\341\123\367\140\142\131\015}{chapter.3}% 16
\BOOKMARK [0][-]{chapter.4}{\376\377\145\160\120\074\133\236\232\214\176\323\147\234}{}% 17
\BOOKMARK [1][-]{section.4.1}{\376\377\117\341\123\367\140\142\131\015\145\110\163\207}{chapter.4}% 18
\BOOKMARK [2][-]{subsection.4.1.1}{\376\377\116\015\124\014\155\113\221\317\153\041\145\160\116\013\166\204\145\160\120\074\145\110\147\234}{section.4.1}% 19
\BOOKMARK [2][-]{subsection.4.1.2}{\376\377\116\015\124\014\117\341\123\367\172\000\165\217\136\246\116\013\166\204\145\160\120\074\145\110\147\234}{section.4.1}% 20
\BOOKMARK [1][-]{section.4.2}{\376\377\173\227\154\325\123\302\145\160\131\047\134\017\133\371\145\160\120\074\145\110\147\234\166\204\137\161\124\315}{chapter.4}% 21
\BOOKMARK [1][-]{section.4.3}{\376\377\116\016\121\166\116\326\117\341\123\367\140\142\131\015\173\227\154\325\166\204\153\324\217\203}{chapter.4}% 22
\BOOKMARK [0][-]{chapter.5}{\376\377\140\073\176\323\116\016\134\125\147\033}{}% 23
\BOOKMARK [0][-]{section*.11}{\376\377\123\302\200\003\145\207\163\056}{}% 24
\BOOKMARK [0][-]{section*.13}{\376\377\226\104\137\125}{}% 25
\BOOKMARK [1][-]{section.6.1}{\376\377\116\073\173\227\154\325\116\343\170\001}{section*.13}% 26
\BOOKMARK [1][-]{section.6.2}{\376\377\133\371\153\324\173\227\154\325\116\343\170\001}{section*.13}% 27
\BOOKMARK [1][-]{section.6.3}{\376\377\117\341\123\367\122\035\131\313\123\026\116\343\170\001}{section*.13}% 28
\BOOKMARK [0][-]{section*.15}{\376\377\201\364\214\042}{}% 29
